This is pdfTeX, Version 3.1415926-1.40.11 (MiKTeX 2.9) (preloaded format=pdflatex 2015.3.23)  7 APR 2015 17:32
entering extended mode
**E:/1.1/DIGI*RESTAURATEUR*PROJECT*REPORT**IN*LATEX/Thesis.tex
("E:/1.1/DIGI RESTAURATEUR PROJECT REPORT  IN LATEX/Thesis.tex"
LaTeX2e <2009/09/24>
Babel <v3.8l> and hyphenation patterns for english, afrikaans, ancientgreek, ar
abic, armenian, assamese, basque, bengali, bokmal, bulgarian, catalan, coptic, 
croatian, czech, danish, dutch, esperanto, estonian, farsi, finnish, french, ga
lician, german, german-x-2009-06-19, greek, gujarati, hindi, hungarian, iceland
ic, indonesian, interlingua, irish, italian, kannada, kurmanji, lao, latin, lat
vian, lithuanian, malayalam, marathi, mongolian, mongolianlmc, monogreek, ngerm
an, ngerman-x-2009-06-19, nynorsk, oriya, panjabi, pinyin, polish, portuguese, 
romanian, russian, sanskrit, serbian, slovak, slovenian, spanish, swedish, swis
sgerman, tamil, telugu, turkish, turkmen, ukenglish, ukrainian, uppersorbian, u
senglishmax, welsh, loaded.
("E:\1.1\DIGI RESTAURATEUR PROJECT REPORT  IN LATEX\Thesis.cls"
Document Class: Thesis 2007/22/02 v1.0 LaTeX document class
("C:\Program Files\MiKTeX 2.9\tex\latex\base\book.cls"
Document Class: book 2007/10/19 v1.4h Standard LaTeX document class
("C:\Program Files\MiKTeX 2.9\tex\latex\base\bk11.clo"
File: bk11.clo 2007/10/19 v1.4h Standard LaTeX file (size option)
)
\c@part=\count79
\c@chapter=\count80
\c@section=\count81
\c@subsection=\count82
\c@subsubsection=\count83
\c@paragraph=\count84
\c@subparagraph=\count85
\c@figure=\count86
\c@table=\count87
\abovecaptionskip=\skip41
\belowcaptionskip=\skip42
\bibindent=\dimen102
)
("C:\Program Files\MiKTeX 2.9\tex\latex\setspace\setspace.sty"
Package: setspace 2011/12/19 v6.7a set line spacing
)
("C:\Program Files\MiKTeX 2.9\tex\latex\ieeepes\vmargin.sty"
Package: vmargin 1999/06/01

Package `vmargin', V2.2, <1999/06/01>
\PaperWidth=\dimen103
\PaperHeight=\dimen104
) ("C:\Program Files\MiKTeX 2.9\tex\latex\fancyhdr\fancyhdr.sty"
\fancy@headwidth=\skip43
\f@ncyO@elh=\skip44
\f@ncyO@erh=\skip45
\f@ncyO@olh=\skip46
\f@ncyO@orh=\skip47
\f@ncyO@elf=\skip48
\f@ncyO@erf=\skip49
\f@ncyO@olf=\skip50
\f@ncyO@orf=\skip51
)
("C:\Program Files\MiKTeX 2.9\tex\latex\ams\math\amsmath.sty"
Package: amsmath 2000/07/18 v2.13 AMS math features
\@mathmargin=\skip52

For additional information on amsmath, use the `?' option.
("C:\Program Files\MiKTeX 2.9\tex\latex\ams\math\amstext.sty"
Package: amstext 2000/06/29 v2.01

("C:\Program Files\MiKTeX 2.9\tex\latex\ams\math\amsgen.sty"
File: amsgen.sty 1999/11/30 v2.0
\@emptytoks=\toks14
\ex@=\dimen105
))
("C:\Program Files\MiKTeX 2.9\tex\latex\ams\math\amsbsy.sty"
Package: amsbsy 1999/11/29 v1.2d
\pmbraise@=\dimen106
)
("C:\Program Files\MiKTeX 2.9\tex\latex\ams\math\amsopn.sty"
Package: amsopn 1999/12/14 v2.01 operator names
)
\inf@bad=\count88
LaTeX Info: Redefining \frac on input line 211.
\uproot@=\count89
\leftroot@=\count90
LaTeX Info: Redefining \overline on input line 307.
\classnum@=\count91
\DOTSCASE@=\count92
LaTeX Info: Redefining \ldots on input line 379.
LaTeX Info: Redefining \dots on input line 382.
LaTeX Info: Redefining \cdots on input line 467.
\Mathstrutbox@=\box26
\strutbox@=\box27
\big@size=\dimen107
LaTeX Font Info:    Redeclaring font encoding OML on input line 567.
LaTeX Font Info:    Redeclaring font encoding OMS on input line 568.
\macc@depth=\count93
\c@MaxMatrixCols=\count94
\dotsspace@=\muskip10
\c@parentequation=\count95
\dspbrk@lvl=\count96
\tag@help=\toks15
\row@=\count97
\column@=\count98
\maxfields@=\count99
\andhelp@=\toks16
\eqnshift@=\dimen108
\alignsep@=\dimen109
\tagshift@=\dimen110
\tagwidth@=\dimen111
\totwidth@=\dimen112
\lineht@=\dimen113
\@envbody=\toks17
\multlinegap=\skip53
\multlinetaggap=\skip54
\mathdisplay@stack=\toks18
LaTeX Info: Redefining \[ on input line 2666.
LaTeX Info: Redefining \] on input line 2667.
)
("C:\Program Files\MiKTeX 2.9\tex\latex\amsfonts\amsfonts.sty"
Package: amsfonts 2009/06/22 v3.00 Basic AMSFonts support
\symAMSa=\mathgroup4
\symAMSb=\mathgroup5
LaTeX Font Info:    Overwriting math alphabet `\mathfrak' in version `bold'
(Font)                  U/euf/m/n --> U/euf/b/n on input line 96.
)
("C:\Program Files\MiKTeX 2.9\tex\latex\amsfonts\amssymb.sty"
Package: amssymb 2009/06/22 v3.00
)
("C:\Program Files\MiKTeX 2.9\tex\latex\ams\math\amscd.sty"
Package: amscd 1999/11/29 v2.0
\athelp@=\toks19
\minaw@=\dimen114
\bigaw@=\dimen115
\minCDarrowwidth=\dimen116
)
("C:\Program Files\MiKTeX 2.9\tex\latex\ams\classes\amsthm.sty"
Package: amsthm 2004/08/06 v2.20
\thm@style=\toks20
\thm@bodyfont=\toks21
\thm@headfont=\toks22
\thm@notefont=\toks23
\thm@headpunct=\toks24
\thm@preskip=\skip55
\thm@postskip=\skip56
\thm@headsep=\skip57
\dth@everypar=\toks25
)
("C:\Program Files\MiKTeX 2.9\tex\latex\tools\xspace.sty"
Package: xspace 2006/05/08 v1.12 Space after command names (DPC,MH)
)
\c@example=\count100
\c@theorem=\count101

("C:\Program Files\MiKTeX 2.9\tex\latex\caption\caption.sty"
Package: caption 2013/05/02 v3.3-89 Customizing captions (AR)

("C:\Program Files\MiKTeX 2.9\tex\latex\caption\caption3.sty"
Package: caption3 2013/05/02 v1.6-88 caption3 kernel (AR)
Package caption3 Info: TeX engine: e-TeX on input line 57.

("C:\Program Files\MiKTeX 2.9\tex\latex\graphics\keyval.sty"
Package: keyval 1999/03/16 v1.13 key=value parser (DPC)
\KV@toks@=\toks26
)
\captionmargin=\dimen117
\captionmargin@=\dimen118
\captionwidth=\dimen119
\caption@tempdima=\dimen120
\caption@indent=\dimen121
\caption@parindent=\dimen122
\caption@hangindent=\dimen123
)
\c@ContinuedFloat=\count102
)
("C:\Program Files\MiKTeX 2.9\tex\latex\graphics\graphicx.sty"
Package: graphicx 1999/02/16 v1.0f Enhanced LaTeX Graphics (DPC,SPQR)

("C:\Program Files\MiKTeX 2.9\tex\latex\graphics\graphics.sty"
Package: graphics 2009/02/05 v1.0o Standard LaTeX Graphics (DPC,SPQR)

("C:\Program Files\MiKTeX 2.9\tex\latex\graphics\trig.sty"
Package: trig 1999/03/16 v1.09 sin cos tan (DPC)
)
("C:\Program Files\MiKTeX 2.9\tex\latex\00miktex\graphics.cfg"
File: graphics.cfg 2007/01/18 v1.5 graphics configuration of teTeX/TeXLive
)
Package graphics Info: Driver file: pdftex.def on input line 91.

("C:\Program Files\MiKTeX 2.9\tex\latex\pdftex-def\pdftex.def"
File: pdftex.def 2011/04/25 v0.06b Graphics/color for pdfTeX

("C:\Program Files\MiKTeX 2.9\tex\generic\oberdiek\infwarerr.sty"
Package: infwarerr 2010/04/08 v1.3 Providing info/warning/message (HO)
)
("C:\Program Files\MiKTeX 2.9\tex\generic\oberdiek\ltxcmds.sty"
Package: ltxcmds 2011/04/18 v1.20 LaTeX kernel commands for general use (HO)
)
\Gread@gobject=\count103
))
\Gin@req@height=\dimen124
\Gin@req@width=\dimen125
)
("C:\Program Files\MiKTeX 2.9\tex\latex\oberdiek\epstopdf.sty"
Package: epstopdf 2010/02/09 v2.5 Conversion with epstopdf on the fly (HO)

("C:\Program Files\MiKTeX 2.9\tex\latex\oberdiek\epstopdf-base.sty"
Package: epstopdf-base 2010/02/09 v2.5 Base part for package epstopdf

("C:\Program Files\MiKTeX 2.9\tex\latex\oberdiek\grfext.sty"
Package: grfext 2010/08/19 v1.1 Managing graphics extensions (HO)

("C:\Program Files\MiKTeX 2.9\tex\generic\oberdiek\kvdefinekeys.sty"
Package: kvdefinekeys 2011/04/07 v1.3 Defining keys (HO)
))
("C:\Program Files\MiKTeX 2.9\tex\latex\oberdiek\kvoptions.sty"
Package: kvoptions 2010/12/23 v3.10 Keyval support for LaTeX options (HO)

("C:\Program Files\MiKTeX 2.9\tex\generic\oberdiek\kvsetkeys.sty"
Package: kvsetkeys 2011/04/07 v1.13 Key value parser (HO)

("C:\Program Files\MiKTeX 2.9\tex\generic\oberdiek\etexcmds.sty"
Package: etexcmds 2011/02/16 v1.5 Prefix for e-TeX command names (HO)

("C:\Program Files\MiKTeX 2.9\tex\generic\oberdiek\ifluatex.sty"
Package: ifluatex 2010/03/01 v1.3 Provides the ifluatex switch (HO)
Package ifluatex Info: LuaTeX not detected.
)
Package etexcmds Info: Could not find \expanded.
(etexcmds)             That can mean that you are not using pdfTeX 1.50 or
(etexcmds)             that some package has redefined \expanded.
(etexcmds)             In the latter case, load this package earlier.
)))
("C:\Program Files\MiKTeX 2.9\tex\generic\oberdiek\pdftexcmds.sty"
Package: pdftexcmds 2011/04/22 v0.16 Utilities of pdfTeX for LuaTeX (HO)

("C:\Program Files\MiKTeX 2.9\tex\generic\oberdiek\ifpdf.sty"
Package: ifpdf 2011/01/30 v2.3 Provides the ifpdf switch (HO)
Package ifpdf Info: pdfTeX in PDF mode is detected.
)
Package pdftexcmds Info: LuaTeX not detected.
Package pdftexcmds Info: \pdf@primitive is available.
Package pdftexcmds Info: \pdf@ifprimitive is available.
Package pdftexcmds Info: \pdfdraftmode found.
)
Package grfext Info: Graphics extension search list:
(grfext)             [.png,.pdf,.jpg,.mps,.jpeg,.jbig2,.jb2,.PNG,.PDF,.JPG,.JPE
G,.JBIG2,.JB2,.eps]
(grfext)             \AppendGraphicsExtensions on input line 452.
))
("C:\Program Files\MiKTeX 2.9\tex\latex\subfigure\subfigure.sty"
Package: subfigure 2002/07/30 v2.1.4 subfigure package
\subfigtopskip=\skip58
\subfigcapskip=\skip59
\subfigcaptopadj=\dimen126
\subfigbottomskip=\skip60
\subfigcapmargin=\dimen127
\subfiglabelskip=\skip61
\c@subfigure=\count104
\c@lofdepth=\count105
\c@subtable=\count106
\c@lotdepth=\count107

****************************************
* Local config file subfigure.cfg used *
****************************************
("C:\Program Files\MiKTeX 2.9\tex\latex\subfigure\subfigure.cfg")
\subfig@top=\skip62
\subfig@bottom=\skip63
)
("C:\Program Files\MiKTeX 2.9\tex\latex\booktabs\booktabs.sty"
Package: booktabs 2005/04/14 v1.61803 publication quality tables
\heavyrulewidth=\dimen128
\lightrulewidth=\dimen129
\cmidrulewidth=\dimen130
\belowrulesep=\dimen131
\belowbottomsep=\dimen132
\aboverulesep=\dimen133
\abovetopsep=\dimen134
\cmidrulesep=\dimen135
\cmidrulekern=\dimen136
\defaultaddspace=\dimen137
\@cmidla=\count108
\@cmidlb=\count109
\@aboverulesep=\dimen138
\@belowrulesep=\dimen139
\@thisruleclass=\count110
\@lastruleclass=\count111
\@thisrulewidth=\dimen140
)
("C:\Program Files\MiKTeX 2.9\tex\latex\rotating\rotating.sty"
Package: rotating 2009/03/28 v2.16a rotated objects in LaTeX

("C:\Program Files\MiKTeX 2.9\tex\latex\base\ifthen.sty"
Package: ifthen 2001/05/26 v1.1c Standard LaTeX ifthen package (DPC)
)
\c@r@tfl@t=\count112
\rotFPtop=\skip64
\rotFPbot=\skip65
\rot@float@box=\box28
\rot@mess@toks=\toks27
)
("C:\Program Files\MiKTeX 2.9\tex\latex\listings\listings.sty"
\lst@mode=\count113
\lst@gtempboxa=\box29
\lst@token=\toks28
\lst@length=\count114
\lst@currlwidth=\dimen141
\lst@column=\count115
\lst@pos=\count116
\lst@lostspace=\dimen142
\lst@width=\dimen143
\lst@newlines=\count117
\lst@lineno=\count118
\lst@maxwidth=\dimen144

("E:\1.1\DIGI RESTAURATEUR PROJECT REPORT  IN LATEX\lstpatch.sty"

***
*** This is a patch for listings 1.3, but you're using
*** version 1.5e.
***
*** Patch file not loaded.
***

) ("C:\Program Files\MiKTeX 2.9\tex\latex\listings\lstmisc.sty"
File: lstmisc.sty 2014/09/06 1.5e (Carsten Heinz)
\c@lstnumber=\count119
\lst@skipnumbers=\count120
\lst@framebox=\box30
)
("C:\Program Files\MiKTeX 2.9\tex\latex\listings\listings.cfg"
File: listings.cfg 2014/09/06 1.5e listings configuration
))
Package: listings 2014/09/06 1.5e (Carsten Heinz)

("E:\1.1\DIGI RESTAURATEUR PROJECT REPORT  IN LATEX\lstpatch.sty"

***
*** This is a patch for listings 1.3, but you're using
*** version 1.5e.
***
 *** Patch file not loaded.
***

) ("C:\Program Files\MiKTeX 2.9\tex\latex\hyperref\hyperref.sty"
Package: hyperref 2011/04/17 v6.82g Hypertext links for LaTeX

("C:\Program Files\MiKTeX 2.9\tex\generic\oberdiek\hobsub-hyperref.sty"
Package: hobsub-hyperref 2011/04/23 v1.4 Bundle oberdiek, subset hyperref (HO)

("C:\Program Files\MiKTeX 2.9\tex\generic\oberdiek\hobsub-generic.sty"
Package: hobsub-generic 2011/04/23 v1.4 Bundle oberdiek, subset generic (HO)
Package: hobsub 2011/04/23 v1.4 Subsetting bundle oberdiek (HO)
Package hobsub Info: Skipping package `infwarerr' (already loaded).
Package hobsub Info: Skipping package `ltxcmds' (already loaded).
Package hobsub Info: Skipping package `ifluatex' (already loaded).
Package: ifvtex 2010/03/01 v1.5 Switches for detecting VTeX and its modes (HO)
Package ifvtex Info: VTeX not detected.
Package: intcalc 2007/09/27 v1.1 Expandable integer calculations (HO)
Package hobsub Info: Skipping package `ifpdf' (already loaded).
Package hobsub Info: Skipping package `etexcmds' (already loaded).
Package hobsub Info: Skipping package `kvsetkeys' (already loaded).
Package hobsub Info: Skipping package `kvdefinekeys' (already loaded).
Package hobsub Info: Skipping package `pdftexcmds' (already loaded).
Package: pdfescape 2011/04/04 v1.12 Provides string conversions (HO)
Package: bigintcalc 2011/01/30 v1.2 Expandable big integer calculations (HO)
Package: bitset 2011/01/30 v1.1 Data type bit set (HO)
Package: uniquecounter 2011/01/30 v1.2 Provides unlimited unique counter (HO)
)
Package hobsub Info: Skipping package `hobsub' (already loaded).
Package: letltxmacro 2010/09/02 v1.4 Let assignment for LaTeX macros (HO)
Package: hopatch 2011/01/30 v1.0 Wrapper for package hooks (HO)
Package: xcolor-patch 2011/01/30 xcolor patch
Package: atveryend 2011/04/23 v1.7 Hooks at very end of document (HO)
Package atveryend Info: \enddocument detected (standard).
Package: atbegshi 2011/01/30 v1.15 At begin shipout hook (HO)
Package: refcount 2010/12/01 v3.2 Data extraction from references (HO)
Package: hycolor 2011/01/30 v1.7 Color options of hyperref/bookmark (HO)
)
("C:\Program Files\MiKTeX 2.9\tex\generic\ifxetex\ifxetex.sty"
Package: ifxetex 2010/09/12 v0.6 Provides ifxetex conditional
)
\@linkdim=\dimen145
\Hy@linkcounter=\count121
\Hy@pagecounter=\count122

("C:\Program Files\MiKTeX 2.9\tex\latex\hyperref\pd1enc.def"
File: pd1enc.def 2011/04/17 v6.82g Hyperref: PDFDocEncoding definition (HO)
)
\Hy@SavedSpaceFactor=\count123

("C:\Program Files\MiKTeX 2.9\tex\latex\00miktex\hyperref.cfg"
File: hyperref.cfg 2002/06/06 v1.2 hyperref configuration of TeXLive
)
Package hyperref Info: Option `bookmarks' set `true' on input line 3905.
Package hyperref Info: Option `bookmarksopen' set `true' on input line 3905.
Package hyperref Info: Option `bookmarksnumbered' set `true' on input line 3905
.
Package hyperref Info: Option `hypertexnames' set `false' on input line 3905.
Package hyperref Info: Option `colorlinks' set `true' on input line 3905.
Package hyperref Info: Option `unicode' set `true' on input line 3905.

("C:\Program Files\MiKTeX 2.9\tex\latex\hyperref\puenc.def"
File: puenc.def 2011/04/17 v6.82g Hyperref: PDF Unicode definition (HO)
)
Package hyperref Info: Option `breaklinks' set `true' on input line 3905.
Package hyperref Info: Hyper figures OFF on input line 4026.
Package hyperref Info: Link nesting OFF on input line 4031.
Package hyperref Info: Hyper index ON on input line 4034.
Package hyperref Info: Plain pages OFF on input line 4041.
Package hyperref Info: Backreferencing OFF on input line 4046.
Package hyperref Info: Implicit mode ON; LaTeX internals redefined.
Package hyperref Info: Bookmarks ON on input line 4264.
\c@Hy@tempcnt=\count124

("C:\Program Files\MiKTeX 2.9\tex\latex\ltxmisc\url.sty"
\Urlmuskip=\muskip11
Package: url 2006/04/12  ver 3.3  Verb mode for urls, etc.
)
LaTeX Info: Redefining \url on input line 4617.
\Fld@menulength=\count125
\Field@Width=\dimen146
\Fld@charsize=\dimen147
Package hyperref Info: Hyper figures OFF on input line 5701.
Package hyperref Info: Link nesting OFF on input line 5706.
Package hyperref Info: Hyper index ON on input line 5709.
Package hyperref Info: backreferencing OFF on input line 5716.
Package hyperref Info: Link coloring ON on input line 5719.
Package hyperref Info: Link coloring with OCG OFF on input line 5726.
Package hyperref Info: PDF/A mode OFF on input line 5731.
LaTeX Info: Redefining \ref on input line 5771.
LaTeX Info: Redefining \pageref on input line 5775.
\Hy@abspage=\count126
\c@Item=\count127
\c@Hfootnote=\count128
)

Package hyperref Message: Driver (autodetected): hpdftex.

("C:\Program Files\MiKTeX 2.9\tex\latex\hyperref\hpdftex.def"
File: hpdftex.def 2011/04/17 v6.82g Hyperref driver for pdfTeX
\Fld@listcount=\count129
\c@bookmark@seq@number=\count130

("C:\Program Files\MiKTeX 2.9\tex\latex\oberdiek\rerunfilecheck.sty"
Package: rerunfilecheck 2011/04/15 v1.7 Rerun checks for auxiliary files (HO)
Package uniquecounter Info: New unique counter `rerunfilecheck' on input line 2
82.
)
\Hy@SectionHShift=\skip66
)
\c@dummy=\count131

("C:\Program Files\MiKTeX 2.9\tex\latex\tools\longtable.sty"
Package: longtable 2004/02/01 v4.11 Multi-page Table package (DPC)
\LTleft=\skip67
\LTright=\skip68
\LTpre=\skip69
\LTpost=\skip70
\LTchunksize=\count132
\LTcapwidth=\dimen148
\LT@head=\box31
\LT@firsthead=\box32
\LT@foot=\box33
\LT@lastfoot=\box34
\LT@cols=\count133
\LT@rows=\count134
\c@LT@tables=\count135
\c@LT@chunks=\count136
\LT@p@ftn=\toks29
))
("C:\Program Files\MiKTeX 2.9\tex\latex\float\float.sty"
Package: float 2001/11/08 v1.3d Float enhancements (AL)
\c@float@type=\count137
\float@exts=\toks30
\float@box=\box35
\@float@everytoks=\toks31
\@floatcapt=\box36
)
("C:\Program Files\MiKTeX 2.9\tex\latex\graphics\lscape.sty"
Package: lscape 2000/10/22 v3.01 Landscape Pages (DPC)
)
("C:\Program Files\MiKTeX 2.9\tex\latex\oberdiek\pdflscape.sty"
Package: pdflscape 2008/08/11 v0.10 Landscape pages in PDF (HO)
Package pdflscape Info: Auto-detected driver: pdftex on input line 80.
)
("C:\Program Files\MiKTeX 2.9\tex\latex\natbib\natbib.sty"
Package: natbib 2010/09/13 8.31b (PWD, AO)
\bibhang=\skip71
\bibsep=\skip72
LaTeX Info: Redefining \cite on input line 694.
\c@NAT@ctr=\count138
)
("C:\Program Files\MiKTeX 2.9\tex\latex\tools\verbatim.sty"
Package: verbatim 2003/08/22 v1.5q LaTeX2e package for verbatim enhancements
\every@verbatim=\toks32
\verbatim@line=\toks33
\verbatim@in@stream=\read1
)
("E:\1.1\DIGI RESTAURATEUR PROJECT REPORT  IN LATEX\vector.sty"
Package: vector 1994/09/16 v1.0 vector macros for LaTeX2e (nde)

("C:\Program Files\MiKTeX 2.9\tex\latex\tools\calc.sty"
Package: calc 2007/08/22 v4.3 Infix arithmetic (KKT,FJ)
\calc@Acount=\count139
\calc@Bcount=\count140
\calc@Adimen=\dimen149
\calc@Bdimen=\dimen150
\calc@Askip=\skip73
\calc@Bskip=\skip74
LaTeX Info: Redefining \setlength on input line 76.
LaTeX Info: Redefining \addtolength on input line 77.
\calc@Ccount=\count141
\calc@Cskip=\skip75
)
\c@vec@elem=\count142
)
Package hyperref Info: Option `colorlinks' set `true' on input line 17.

("E:\1.1\DIGI RESTAURATEUR PROJECT REPORT  IN LATEX\Thesis.aux")
LaTeX Font Info:    Checking defaults for OML/cmm/m/it on input line 20.
LaTeX Font Info:    ... okay on input line 20.
LaTeX Font Info:    Checking defaults for T1/cmr/m/n on input line 20.
LaTeX Font Info:    ... okay on input line 20.
LaTeX Font Info:    Checking defaults for OT1/cmr/m/n on input line 20.
LaTeX Font Info:    ... okay on input line 20.
LaTeX Font Info:    Checking defaults for OMS/cmsy/m/n on input line 20.
LaTeX Font Info:    ... okay on input line 20.
LaTeX Font Info:    Checking defaults for OMX/cmex/m/n on input line 20.
LaTeX Font Info:    ... okay on input line 20.
LaTeX Font Info:    Checking defaults for U/cmr/m/n on input line 20.
LaTeX Font Info:    ... okay on input line 20.
LaTeX Font Info:    Checking defaults for PD1/pdf/m/n on input line 20.
LaTeX Font Info:    ... okay on input line 20.
LaTeX Font Info:    Checking defaults for PU/pdf/m/n on input line 20.
LaTeX Font Info:    ... okay on input line 20.
Package caption Info: Begin \AtBeginDocument code.
Package caption Info: float package is loaded.
Package caption Info: hyperref package is loaded.
Package caption Info: listings package is loaded.
Package caption Info: longtable package is loaded.

("C:\Program Files\MiKTeX 2.9\tex\latex\caption\ltcaption.sty"
Package: ltcaption 2013/02/03 v1.3-62 longtable captions (AR)
)
Package caption Info: rotating package is loaded.
Package caption Info: subfigure package is loaded.
Package caption Info: End \AtBeginDocument code.

("C:\Program Files\MiKTeX 2.9\tex\context\base\supp-pdf.mkii"
[Loading MPS to PDF converter (version 2006.09.02).]
\scratchcounter=\count143
\scratchdimen=\dimen151
\scratchbox=\box37
\nofMPsegments=\count144
\nofMParguments=\count145
\everyMPshowfont=\toks34
\MPscratchCnt=\count146
\MPscratchDim=\dimen152
\MPnumerator=\count147
\makeMPintoPDFobject=\count148
\everyMPtoPDFconversion=\toks35
)
\c@lstlisting=\count149
\AtBeginShipoutBox=\box38
 ("C:\Program Files\MiKTeX 2.9\tex\latex\graphics\color.sty"
Package: color 2005/11/14 v1.0j Standard LaTeX Color (DPC)

("C:\Program Files\MiKTeX 2.9\tex\latex\00miktex\color.cfg"
File: color.cfg 2007/01/18 v1.5 color configuration of teTeX/TeXLive
)
Package color Info: Driver file: pdftex.def on input line 130.
)
Package hyperref Info: Link coloring ON on input line 20.

("C:\Program Files\MiKTeX 2.9\tex\latex\hyperref\nameref.sty"
Package: nameref 2010/04/30 v2.40 Cross-referencing by name of section

("C:\Program Files\MiKTeX 2.9\tex\generic\oberdiek\gettitlestring.sty"
Package: gettitlestring 2010/12/03 v1.4 Cleanup title references (HO)
)
\c@section@level=\count150
)
LaTeX Info: Redefining \ref on input line 20.
LaTeX Info: Redefining \pageref on input line 20.
LaTeX Info: Redefining \nameref on input line 20.

("E:\1.1\DIGI RESTAURATEUR PROJECT REPORT  IN LATEX\Thesis.out")
("E:\1.1\DIGI RESTAURATEUR PROJECT REPORT  IN LATEX\Thesis.out")
\@outlinefile=\write3

------------------------------------------------------------------------------
 Title Page
------------------------------------------------------------------------------
[1



{C:/ProgramData/MiKTeX/2.9/pdftex/config/pdftex.map}]
------------------------------------------------------------------------------
 Abstract Page
------------------------------------------------------------------------------
[1

]
------------------------------------------------------------------------------
 Acknowledgements
------------------------------------------------------------------------------
[2

]
------------------------------------------------------------------------------
 Table of Contents
------------------------------------------------------------------------------
("E:\1.1\DIGI RESTAURATEUR PROJECT REPORT  IN LATEX\Thesis.toc"
LaTeX Font Info:    Try loading font information for U+msa on input line 7.

("C:\Program Files\MiKTeX 2.9\tex\latex\amsfonts\umsa.fd"
File: umsa.fd 2009/06/22 v3.00 AMS symbols A
)
LaTeX Font Info:    Try loading font information for U+msb on input line 7.

("C:\Program Files\MiKTeX 2.9\tex\latex\amsfonts\umsb.fd"
File: umsb.fd 2009/06/22 v3.00 AMS symbols B
) [3


])
\tf@toc=\write4
 [4]
------------------------------------------------------------------------------
 List of Figures
------------------------------------------------------------------------------
("E:\1.1\DIGI RESTAURATEUR PROJECT REPORT  IN LATEX\Thesis.lof")
\tf@lof=\write5
 [5


]
("E:\1.1\DIGI RESTAURATEUR PROJECT REPORT  IN LATEX\Chapters\Chapter1.tex"
Chapter 1.
------------------------------------------------------------------------------
 1 INTRODUCTION
------------------------------------------------------------------------------
[1



]) ("E:\1.1\DIGI RESTAURATEUR PROJECT REPORT  IN LATEX\Chapters\Chapter2.tex" [
2]
Chapter 2.
------------------------------------------------------------------------------
 2 LITERATURE REVIEW
------------------------------------------------------------------------------

Overfull \hbox (6.41646pt too wide) in paragraph at lines 3--3
\OT1/cmr/bx/n/14.4 in IEEE Trans-ac-tions on Cir-cuits and Sys-tems for Video
 []

[3

]
Missing character: There is no Ô in font cmr10!
Missing character: There is no ø in font cmr10!
Missing character: There is no Ω in font cmr10!
Missing character: There is no Ô in font cmr10!
Missing character: There is no ø in font cmr10!
Missing character: There is no Ω in font cmr10!
) ("E:\1.1\DIGI RESTAURATEUR PROJECT REPORT  IN LATEX\Chapters\Chapter3.tex" [4
]
Chapter 3.
------------------------------------------------------------------------------
 3 OBJECTIVE AND SCOPE
------------------------------------------------------------------------------
LaTeX Font Info:    Try loading font information for OMS+cmr on input line 21.
("C:\Program Files\MiKTeX 2.9\tex\latex\base\omscmr.fd"
File: omscmr.fd 1999/05/25 v2.5h Standard LaTeX font definitions
)
LaTeX Font Info:    Font shape `OMS/cmr/m/n' in size <10.95> not available
(Font)              Font shape `OMS/cmsy/m/n' tried instead on input line 21.
 [5

])
("E:\1.1\DIGI RESTAURATEUR PROJECT REPORT  IN LATEX\Chapters\Chapter4.tex"
[6]
Chapter 4.
------------------------------------------------------------------------------
 4 REQUIREMENT ANALYSIS
------------------------------------------------------------------------------
[7

]
Missing character: There is no Ô in font cmr10!
Missing character: There is no ø in font cmr10!
Missing character: There is no Ω in font cmr10!
Missing character: There is no Ô in font cmr10!
Missing character: There is no ø in font cmr10!
Missing character: There is no Ω in font cmr10!
Missing character: There is no Ô in font cmbx10!
Missing character: There is no ø in font cmbx10!
Missing character: There is no Ω in font cmbx10!

Overfull \hbox (10.73325pt too wide) in paragraph at lines 46--47
[]\OT1/cmr/m/n/10.95 Eclipse is an in-te-grated de-vel-op-ment en-vi-ron-ment (
IDE). It con-tains a base workspace
 []

[8]
Missing character: There is no ‚ in font cmr10!
Missing character: There is no Ä in font cmr10!
Missing character: There is no ô in font cmr10!
Missing character: There is no ‚ in font cmr10!
Missing character: There is no Ä in font cmr10!
Missing character: There is no ô in font cmr10!
 [9])
("E:\1.1\DIGI RESTAURATEUR PROJECT REPORT  IN LATEX\Chapters\Chapter5.tex"
[10]
Chapter 5.
------------------------------------------------------------------------------
 5 SYSTEM DESIGN
------------------------------------------------------------------------------
<Figures/usecase1.pdf, id=428, 492.03827pt x 478.5629pt>
File: Figures/usecase1.pdf Graphic file (type pdf)

<use Figures/usecase1.pdf>
Package pdftex.def Info: Figures/usecase1.pdf used on input line 15.
(pdftex.def)             Requested size: 361.34999pt x 351.45107pt.
 [11

]
<Figures/usecasescenario.pdf, id=433, 614.295pt x 794.97pt>
File: Figures/usecasescenario.pdf Graphic file (type pdf)

<use Figures/usecasescenario.pdf>
Package pdftex.def Info: Figures/usecasescenario.pdf used on input line 26.
(pdftex.def)             Requested size: 361.34999pt x 467.63326pt.
 [12 <E:/1.1/DIGI RESTAURATEUR PROJECT REPORT  IN LATEX/Figures/usecase1.pdf>] 
[13 <E:/1.1/DIGI RESTAURATEUR PROJECT REPORT  IN LATEX/Figures/usecasescenario.
pdf>]
<Figures/SDforLoginv1.pdf, id=461, 548.16042pt x 468.17409pt>
File: Figures/SDforLoginv1.pdf Graphic file (type pdf)

<use Figures/SDforLoginv1.pdf>
Package pdftex.def Info: Figures/SDforLoginv1.pdf used on input line 43.
(pdftex.def)             Requested size: 361.34999pt x 308.61723pt.

<Figures/recoverpassword1.pdf, id=462, 480.48257pt x 431.77562pt>
File: Figures/recoverpassword1.pdf Graphic file (type pdf)

<use Figures/recoverpassword1.pdf>
Package pdftex.def Info: Figures/recoverpassword1.pdf used on input line 56.
(pdftex.def)             Requested size: 361.34999pt x 324.72693pt.
 [14 <E:/1.1/DIGI RESTAURATEUR PROJECT REPORT  IN LATEX/Figures/SDforLoginv1.pd
f>]
<Figures/SDforRegisterAdmin1.pdf, id=471, 461.88812pt x 412.84236pt>
File: Figures/SDforRegisterAdmin1.pdf Graphic file (type pdf)

<use Figures/SDforRegisterAdmin1.pdf>
Package pdftex.def Info: Figures/SDforRegisterAdmin1.pdf used on input line 68.

(pdftex.def)             Requested size: 361.34999pt x 322.98586pt.
 [15 <E:/1.1/DIGI RESTAURATEUR PROJECT REPORT  IN LATEX/Figures/recoverpassword
1.pdf>]
<Figures/SDforRegisterStaff1.pdf, id=482, 461.88812pt x 441.97623pt>
File: Figures/SDforRegisterStaff1.pdf Graphic file (type pdf)

<use Figures/SDforRegisterStaff1.pdf>
Package pdftex.def Info: Figures/SDforRegisterStaff1.pdf used on input line 80.

(pdftex.def)             Requested size: 361.34999pt x 345.77864pt.
 [16 <E:/1.1/DIGI RESTAURATEUR PROJECT REPORT  IN LATEX/Figures/SDforRegisterAd
min1.pdf>]
<Figures/SDforRegisterStudent1.pdf, id=492, 461.88812pt x 500.24391pt>
File: Figures/SDforRegisterStudent1.pdf Graphic file (type pdf)

<use Figures/SDforRegisterStudent1.pdf>
Package pdftex.def Info: Figures/SDforRegisterStudent1.pdf used on input line 9
2.
(pdftex.def)             Requested size: 361.34999pt x 391.36418pt.
 [17 <E:/1.1/DIGI RESTAURATEUR PROJECT REPORT  IN LATEX/Figures/SDforRegisterSt
aff1.pdf>]
<Figures/SDForViewVideo1.pdf, id=503, 613.0152pt x 306.46999pt>
File: Figures/SDForViewVideo1.pdf Graphic file (type pdf)

<use Figures/SDForViewVideo1.pdf>
Package pdftex.def Info: Figures/SDForViewVideo1.pdf used on input line 104.
(pdftex.def)             Requested size: 361.34999pt x 180.65672pt.
 [18 <E:/1.1/DIGI RESTAURATEUR PROJECT REPORT  IN LATEX/Figures/SDforRegisterSt
udent1.pdf>]
<Figures/bookmark1.pdf, id=513, 615.0478pt x 306.5076pt>
File: Figures/bookmark1.pdf Graphic file (type pdf)

<use Figures/bookmark1.pdf>
Package pdftex.def Info: Figures/bookmark1.pdf used on input line 116.
(pdftex.def)             Requested size: 361.34999pt x 180.08025pt.

<Figures/uploadVideo1.pdf, id=514, 596.2275pt x 303.68456pt>
File: Figures/uploadVideo1.pdf Graphic file (type pdf)

<use Figures/uploadVideo1.pdf>
Package pdftex.def Info: Figures/uploadVideo1.pdf used on input line 129.
(pdftex.def)             Requested size: 361.34999pt x 184.05177pt.
 [19 <E:/1.1/DIGI RESTAURATEUR PROJECT REPORT  IN LATEX/Figures/SDForViewVideo1
.pdf> <E:/1.1/DIGI RESTAURATEUR PROJECT REPORT  IN LATEX/Figures/bookmark1.pdf>
]
<Figures/recordVideo1.pdf, id=530, 419.42947pt x 317.15991pt>
File: Figures/recordVideo1.pdf Graphic file (type pdf)

<use Figures/recordVideo1.pdf>
Package pdftex.def Info: Figures/recordVideo1.pdf used on input line 141.
(pdftex.def)             Requested size: 361.34999pt x 273.2555pt.
 [20 <E:/1.1/DIGI RESTAURATEUR PROJECT REPORT  IN LATEX/Figures/uploadVideo1.pd
f> <E:/1.1/DIGI RESTAURATEUR PROJECT REPORT  IN LATEX/Figures/recordVideo1.pdf>
]
<Figures/deleteVideo1.pdf, id=552, 591.52242pt x 266.15686pt>
File: Figures/deleteVideo1.pdf Graphic file (type pdf)

<use Figures/deleteVideo1.pdf>
Package pdftex.def Info: Figures/deleteVideo1.pdf used on input line 154.
(pdftex.def)             Requested size: 361.34999pt x 162.59505pt.

<Figures/ClassDiagram1.pdf, id=553, 946.39822pt x 500.01805pt>
File: Figures/ClassDiagram1.pdf Graphic file (type pdf)

<use Figures/ClassDiagram1.pdf>
Package pdftex.def Info: Figures/ClassDiagram1.pdf used on input line 186.
(pdftex.def)             Requested size: 361.34999pt x 190.91676pt.
 [21 <E:/1.1/DIGI RESTAURATEUR PROJECT REPORT  IN LATEX/Figures/deleteVideo1.pd
f>]
<Figures/Deployment1.pdf, id=565, 503.6692pt x 251.81578pt>
File: Figures/Deployment1.pdf Graphic file (type pdf)

<use Figures/Deployment1.pdf>
Package pdftex.def Info: Figures/Deployment1.pdf used on input line 209.
(pdftex.def)             Requested size: 361.34999pt x 180.66553pt.
) [22 <E:/1.1/DIGI RESTAURATEUR PROJECT REPORT  IN LATEX/Figures/ClassDiagram1.
pdf>]
("E:\1.1\DIGI RESTAURATEUR PROJECT REPORT  IN LATEX\Chapters\Chapter6.tex"
[23 <E:/1.1/DIGI RESTAURATEUR PROJECT REPORT  IN LATEX/Figures/Deployment1.pdf>
]
Chapter 6.
------------------------------------------------------------------------------
 6 Coading
------------------------------------------------------------------------------
Missing character: There is no ‚ in font cmr10!
Missing character: There is no Ä in font cmr10!
Missing character: There is no ô in font cmr10!
[24

]
Missing character: There is no ‚ in font cmr10!
Missing character: There is no Ä in font cmr10!
Missing character: There is no ô in font cmr10!
 [25]
Missing character: There is no ‚ in font cmr10!
Missing character: There is no Ä in font cmr10!
Missing character: There is no ¶ in font cmr10!
Missing character: There is no ‚ in font cmr10!
Missing character: There is no Ä in font cmr10!
Missing character: There is no ô in font cmr10!
Missing character: There is no ‚ in font cmr10!
Missing character: There is no Ä in font cmr10!
Missing character: There is no ô in font cmr10!
Missing character: There is no ‚ in font cmr10!
Missing character: There is no Ä in font cmr10!
Missing character: There is no ô in font cmr10!
 [26] [27]
Missing character: There is no ‚ in font cmr10!
Missing character: There is no Ä in font cmr10!
Missing character: There is no ú in font cmr10!
Missing character: There is no ‚ in font cmr10!
Missing character: There is no Ä in font cmr10!
Missing character: There is no ù in font cmr10!
 [28] <Figures/code.pdf, id=641, 489.32813pt x 670.71832pt>
File: Figures/code.pdf Graphic file (type pdf)

<use Figures/code.pdf>
Package pdftex.def Info: Figures/code.pdf used on input line 167.
(pdftex.def)             Requested size: 433.62pt x 594.36862pt.

Overfull \hbox (16.14693pt too wide) in paragraph at lines 167--169
 [][] 
 []


LaTeX Warning: `!h' float specifier changed to `!ht'.

<Figures/code1.pdf, id=642, 472.23929pt x 650.20418pt>
File: Figures/code1.pdf Graphic file (type pdf)
 <use Figures/code1.pdf>
Package pdftex.def Info: Figures/code1.pdf used on input line 176.
(pdftex.def)             Requested size: 433.62pt x 597.05414pt.

Overfull \hbox (16.14693pt too wide) in paragraph at lines 176--178
 [][] 
 []


LaTeX Warning: `!h' float specifier changed to `!ht'.

<Figures/code2.pdf, id=643, 480.78369pt x 653.62946pt>
File: Figures/code2.pdf Graphic file (type pdf)
 <use Figures/code2.pdf>
Package pdftex.def Info: Figures/code2.pdf used on input line 183.
(pdftex.def)             Requested size: 433.62pt x 589.50777pt.

Overfull \hbox (16.14693pt too wide) in paragraph at lines 183--185
 [][] 
 []


LaTeX Warning: `!h' float specifier changed to `!ht'.

<Figures/code3.pdf, id=644, 473.85782pt x 643.35358pt>
File: Figures/code3.pdf Graphic file (type pdf)
 <use Figures/code3.pdf>
Package pdftex.def Info: Figures/code3.pdf used on input line 191.
(pdftex.def)             Requested size: 433.62pt x 588.73148pt.

Overfull \hbox (16.14693pt too wide) in paragraph at lines 191--193
 [][] 
 []


LaTeX Warning: `!h' float specifier changed to `!ht'.

<Figures/code4.pdf, id=645, 484.209pt x 653.62946pt>
File: Figures/code4.pdf Graphic file (type pdf)
 <use Figures/code4.pdf>
Package pdftex.def Info: Figures/code4.pdf used on input line 198.
(pdftex.def)             Requested size: 433.62pt x 585.35876pt.

Overfull \hbox (16.14693pt too wide) in paragraph at lines 198--200
 [][] 
 []


LaTeX Warning: `!h' float specifier changed to `!ht'.

<Figures/code5.pdf, id=646, 491.0596pt x 665.48625pt>
File: Figures/code5.pdf Graphic file (type pdf)
 <use Figures/code5.pdf>
Package pdftex.def Info: Figures/code5.pdf used on input line 205.
(pdftex.def)             Requested size: 433.62pt x 587.67076pt.

Overfull \hbox (16.14693pt too wide) in paragraph at lines 205--207
 [][] 
 []


LaTeX Warning: `!h' float specifier changed to `!ht'.

<Figures/code6.pdf, id=647, 429.47954pt x 660.32947pt>
File: Figures/code6.pdf Graphic file (type pdf)
 <use Figures/code6.pdf>
Package pdftex.def Info: Figures/code6.pdf used on input line 212.
(pdftex.def)             Requested size: 433.62pt x 666.70583pt.

Overfull \hbox (16.14693pt too wide) in paragraph at lines 212--214
 [][] 
 []


LaTeX Warning: `!h' float specifier changed to `!ht'.

<Figures/code7.pdf, id=648, 489.40341pt x 660.44238pt>
File: Figures/code7.pdf Graphic file (type pdf)
 <use Figures/code7.pdf>
Package pdftex.def Info: Figures/code7.pdf used on input line 219.
(pdftex.def)             Requested size: 433.62pt x 585.19186pt.

Overfull \hbox (16.14693pt too wide) in paragraph at lines 219--221
 [][] 
 []


LaTeX Warning: `!h' float specifier changed to `!ht'.

<Figures/code8.pdf, id=649, 499.67929pt x 646.77885pt>
File: Figures/code8.pdf Graphic file (type pdf)
 <use Figures/code8.pdf>
Package pdftex.def Info: Figures/code8.pdf used on input line 226.
(pdftex.def)             Requested size: 433.62pt x 561.29167pt.

Overfull \hbox (16.14693pt too wide) in paragraph at lines 226--228
 [][] 
 []


LaTeX Warning: `!h' float specifier changed to `!ht'.

<Figures/code10.pdf, id=650, 485.97812pt x 658.74855pt>
File: Figures/code10.pdf Graphic file (type pdf)

<use Figures/code10.pdf>
Package pdftex.def Info: Figures/code10.pdf used on input line 233.
(pdftex.def)             Requested size: 433.62pt x 587.78206pt.

Overfull \hbox (16.14693pt too wide) in paragraph at lines 233--235
 [][] 
 []


LaTeX Warning: `!h' float specifier changed to `!ht'.

<Figures/code11.pdf, id=651, 530.3564pt x 657.05472pt>
File: Figures/code11.pdf Graphic file (type pdf)

<use Figures/code11.pdf>
Package pdftex.def Info: Figures/code11.pdf used on input line 240.
(pdftex.def)             Requested size: 433.62pt x 537.21431pt.

Overfull \hbox (16.14693pt too wide) in paragraph at lines 240--242
 [][] 
 []


LaTeX Warning: `!h' float specifier changed to `!ht'.

<Figures/code12.pdf, id=652, 516.6552pt x 660.44238pt>
File: Figures/code12.pdf Graphic file (type pdf)

<use Figures/code12.pdf>
Package pdftex.def Info: Figures/code12.pdf used on input line 247.
(pdftex.def)             Requested size: 433.62pt x 554.3244pt.

Overfull \hbox (16.14693pt too wide) in paragraph at lines 247--249
 [][] 
 []


LaTeX Warning: `!h' float specifier changed to `!ht'.

<Figures/code13.pdf, id=653, 475.5893pt x 660.44238pt>
File: Figures/code13.pdf Graphic file (type pdf)

<use Figures/code13.pdf>
Package pdftex.def Info: Figures/code13.pdf used on input line 254.
(pdftex.def)             Requested size: 433.62pt x 602.19266pt.

Overfull \hbox (16.14693pt too wide) in paragraph at lines 254--256
 [][] 
 []


LaTeX Warning: `!h' float specifier changed to `!ht'.

<Figures/code14.pdf, id=654, 494.48491pt x 665.48625pt>
File: Figures/code14.pdf Graphic file (type pdf)

<use Figures/code14.pdf>
Package pdftex.def Info: Figures/code14.pdf used on input line 261.
(pdftex.def)             Requested size: 433.62pt x 583.58865pt.

Overfull \hbox (16.14693pt too wide) in paragraph at lines 261--263
 [][] 
 []


LaTeX Warning: `!h' float specifier changed to `!ht'.

<Figures/code15.pdf, id=655, 458.50046pt x 402.07716pt>
File: Figures/code15.pdf Graphic file (type pdf)

<use Figures/code15.pdf>
Package pdftex.def Info: Figures/code15.pdf used on input line 268.
(pdftex.def)             Requested size: 433.62pt x 380.27783pt.

Overfull \hbox (16.14693pt too wide) in paragraph at lines 268--270
 [][] 
 []


LaTeX Warning: `!h' float specifier changed to `!ht'.

) ("E:\1.1\DIGI RESTAURATEUR PROJECT REPORT  IN LATEX\Chapters\Chapter7.tex"
[29] [30 <E:/1.1/DIGI RESTAURATEUR PROJECT REPORT  IN LATEX/Figures/code.pdf>]
[31 <E:/1.1/DIGI RESTAURATEUR PROJECT REPORT  IN LATEX/Figures/code1.pdf>]
[32 <E:/1.1/DIGI RESTAURATEUR PROJECT REPORT  IN LATEX/Figures/code2.pdf>]
[33 <E:/1.1/DIGI RESTAURATEUR PROJECT REPORT  IN LATEX/Figures/code3.pdf>]
[34 <E:/1.1/DIGI RESTAURATEUR PROJECT REPORT  IN LATEX/Figures/code4.pdf>]
[35 <E:/1.1/DIGI RESTAURATEUR PROJECT REPORT  IN LATEX/Figures/code5.pdf>]
[36 <E:/1.1/DIGI RESTAURATEUR PROJECT REPORT  IN LATEX/Figures/code6.pdf>]
[37 <E:/1.1/DIGI RESTAURATEUR PROJECT REPORT  IN LATEX/Figures/code7.pdf>]
[38 <E:/1.1/DIGI RESTAURATEUR PROJECT REPORT  IN LATEX/Figures/code8.pdf>]
[39 <E:/1.1/DIGI RESTAURATEUR PROJECT REPORT  IN LATEX/Figures/code10.pdf>]
[40 <E:/1.1/DIGI RESTAURATEUR PROJECT REPORT  IN LATEX/Figures/code11.pdf>]
[41 <E:/1.1/DIGI RESTAURATEUR PROJECT REPORT  IN LATEX/Figures/code12.pdf>]
[42 <E:/1.1/DIGI RESTAURATEUR PROJECT REPORT  IN LATEX/Figures/code13.pdf>]
[43 <E:/1.1/DIGI RESTAURATEUR PROJECT REPORT  IN LATEX/Figures/code14.pdf>]
[44 <E:/1.1/DIGI RESTAURATEUR PROJECT REPORT  IN LATEX/Figures/code15.pdf>]
Chapter 7.
------------------------------------------------------------------------------
 7 TESTING
------------------------------------------------------------------------------

Overfull \hbox (15.14375pt too wide) in paragraph at lines 11--13
[]\OT1/cmr/m/n/10.95 Test De-sign cre-ate test cases, iden-tify test cases for 
au-toma-tion(if ap-pli-ca-ble),prioritize
 []

[45

]
Missing character: There is no ‚ in font cmr10!
Missing character: There is no Ä in font cmr10!
Missing character: There is no ú in font cmr10!
Missing character: There is no ‚ in font cmr10!
Missing character: There is no Ä in font cmr10!
Missing character: There is no ù in font cmr10!
 [46] [47]
Underfull \hbox (badness 10000) in paragraph at lines 60--60
[]|\OT1/cmr/bx/n/10.95 TC
 []


Overfull \hbox (2.49117pt too wide) in paragraph at lines 60--60
[]|\OT1/cmr/bx/n/10.95 OBJECTIVE| 
 []


Overfull \hbox (9.8716pt too wide) in paragraph at lines 60--61
[]|\OT1/cmr/bx/n/10.95 PREREQUISITES
 []


Underfull \hbox (badness 10000) in paragraph at lines 61--61
[]|\OT1/cmr/bx/n/10.95 EXPECTED
 []


Underfull \hbox (badness 1742) in paragraph at lines 61--61
[]|\OT1/cmr/bx/n/10.95 ACTUAL RE-
 []


Overfull \hbox (4.44604pt too wide) in paragraph at lines 61--61
[]|\OT1/cmr/bx/n/10.95 REMARK| 
 []


Overfull \hbox (10.76112pt too wide) in alignment at lines 56--62
 [] [] [] [] [] [] [] 
 []


Underfull \hbox (badness 10000) in paragraph at lines 67--67
[]|\OT1/cmr/bx/n/10.95 TC
 []


Overfull \hbox (2.49117pt too wide) in paragraph at lines 67--67
[]|\OT1/cmr/bx/n/10.95 OBJECTIVE| 
 []


Overfull \hbox (9.8716pt too wide) in paragraph at lines 67--68
[]|\OT1/cmr/bx/n/10.95 PREREQUISITES
 []


Underfull \hbox (badness 10000) in paragraph at lines 68--68
[]|\OT1/cmr/bx/n/10.95 EXPECTED
 []


Underfull \hbox (badness 1742) in paragraph at lines 68--68
[]|\OT1/cmr/bx/n/10.95 ACTUAL RE-
 []


Overfull \hbox (4.44604pt too wide) in paragraph at lines 68--68
[]|\OT1/cmr/bx/n/10.95 REMARK| 
 []


Overfull \hbox (10.76112pt too wide) in alignment at lines 62--72
 [] [] [] [] [] [] [] 
 []


Overfull \hbox (10.76112pt too wide) in alignment at lines 72--74
 [] [] [] [] [] [] [] 
 []


Overfull \hbox (10.76112pt too wide) in alignment at lines 74--75
 [] [] [] [] [] [] [] 
 []


Underfull \hbox (badness 6094) in paragraph at lines 76--76
[]|\OT1/cmr/m/n/10.95 The Ap-pli-ca-tion
 []


Underfull \hbox (badness 10000) in paragraph at lines 80--80
[]|\OT1/cmr/m/n/10.95 Register stu-
 []


Underfull \hbox (badness 1533) in paragraph at lines 80--80
\OT1/cmr/m/n/10.95 dent into the
 []


Underfull \hbox (badness 2096) in paragraph at lines 80--80
\OT1/cmr/m/n/10.95 er-a-tion user must
 []


Underfull \hbox (badness 3460) in paragraph at lines 80--80
\OT1/cmr/m/n/10.95 be click on New
 []


Underfull \hbox (badness 10000) in paragraph at lines 80--80
[]|\OT1/cmr/m/n/10.95 1.Enter First Name in First-Name
 []


Underfull \hbox (badness 10000) in paragraph at lines 80--80
[]|\OT1/cmr/m/n/10.95 Give Con-fir-ma-
 []


Underfull \hbox (badness 2744) in paragraph at lines 80--80
\OT1/cmr/m/n/10.95 tion mes-sage to
 []


Underfull \hbox (badness 10000) in paragraph at lines 80--80
\OT1/cmr/m/n/10.95 stu-dent about
 []


Underfull \hbox (badness 1655) in paragraph at lines 81--81
[]|\OT1/cmr/m/n/10.95 2.Enter Mid-dle Name in Mid-dle-Name
 []


Underfull \hbox (badness 10000) in paragraph at lines 82--82
[]|\OT1/cmr/m/n/10.95 3.Enter Last Name in Last-Name
 []


Underfull \hbox (badness 4403) in paragraph at lines 88--88
[]|\OT1/cmr/m/n/10.95 9.Enter Se-cu-rity Ques-tion in Se-cu-ri-
 []


Underfull \hbox (badness 7981) in paragraph at lines 91--91
[]|\OT1/cmr/m/n/10.95 Register staff
 []


Underfull \hbox (badness 1590) in paragraph at lines 91--91
\OT1/cmr/m/n/10.95 er-a-tion staff must
 []


Underfull \hbox (badness 3460) in paragraph at lines 91--91
\OT1/cmr/m/n/10.95 be click on New
 []


Underfull \hbox (badness 1874) in paragraph at lines 91--91
[]|\OT1/cmr/m/n/10.95 1. En-ter First Name in First-Name
 []


Underfull \hbox (badness 7238) in paragraph at lines 91--91
\OT1/cmr/m/n/10.95 ac-count suc-cess-
 []


Underfull \hbox (badness 10000) in paragraph at lines 91--91
[]|\OT1/cmr/m/n/10.95 Give Con-fir-ma-
 []


Underfull \hbox (badness 10000) in paragraph at lines 91--91
\OT1/cmr/m/n/10.95 tion mes-sage
 []


Underfull \hbox (badness 10000) in paragraph at lines 91--91
\OT1/cmr/m/n/10.95 to staff about
 []


Underfull \hbox (badness 1655) in paragraph at lines 92--92
[]|\OT1/cmr/m/n/10.95 2.Enter Mid-dle Name in Mid-dle-Name
 []


Underfull \hbox (badness 10000) in paragraph at lines 93--93
[]|\OT1/cmr/m/n/10.95 3.Enter Last Name in Last-Name
 []


Overfull \hbox (10.76112pt too wide) in alignment at lines 75--97
 [] [] [] [] [] [] [] 
 []


Underfull \hbox (badness 4403) in paragraph at lines 97--97
[]|\OT1/cmr/m/n/10.95 7.Enter Se-cu-rity Ques-tion in Se-cu-ri-
 []


Underfull \hbox (badness 10000) in paragraph at lines 100--100
[]|\OT1/cmr/m/n/10.95 Register
 []


Underfull \hbox (badness 10000) in paragraph at lines 100--100
\OT1/cmr/m/n/10.95 Ad-min in
 []


Underfull \hbox (badness 3460) in paragraph at lines 100--100
\OT1/cmr/m/n/10.95 be click on New
 []


Underfull \hbox (badness 10000) in paragraph at lines 100--100
[]|\OT1/cmr/m/n/10.95 Give Con-fir-ma-
 []


Underfull \hbox (badness 2744) in paragraph at lines 100--100
\OT1/cmr/m/n/10.95 tion mes-sage to
 []


Underfull \hbox (badness 10000) in paragraph at lines 100--100
\OT1/cmr/m/n/10.95 ad-min about
 []


Underfull \hbox (badness 4403) in paragraph at lines 103--103
[]|\OT1/cmr/m/n/10.95 4.Enter Se-cu-rity Ques-tion in Se-cu-ri-
 []


Underfull \hbox (badness 3557) in paragraph at lines 105--105
[]|\OT1/cmr/m/n/10.95 6.Enter Se-cu-rity Key in Se-cu-ri-tyKey
 []


Underfull \hbox (badness 10000) in paragraph at lines 107--107
[]|\OT1/cmr/m/n/10.95 To per-form it's
 []


Underfull \hbox (badness 10000) in paragraph at lines 107--107
\OT1/cmr/m/n/10.95 op-er-a-tion user
 []


Underfull \hbox (badness 2205) in paragraph at lines 107--107
\OT1/cmr/m/n/10.95 must be click on
 []


Underfull \hbox (badness 10000) in paragraph at lines 107--107
\OT1/cmr/m/n/10.95 Show Sub-ject-wise
 []


Underfull \hbox (badness 1590) in paragraph at lines 110--110
\OT1/cmr/m/n/10.95 er-a-tion staff must
 []


Underfull \hbox (badness 10000) in paragraph at lines 110--110
\OT1/cmr/m/n/10.95 be click Up-load-
 []


Underfull \hbox (badness 10000) in paragraph at lines 110--110
[]|\OT1/cmr/m/n/10.95 It will up-load
 []


Underfull \hbox (badness 10000) in paragraph at lines 110--110
[]|\OT1/cmr/m/n/10.95 After up-load-ing
 []


Underfull \hbox (badness 1418) in paragraph at lines 110--110
\OT1/cmr/m/n/10.95 will con-fir-ma-tion
 []


Underfull \hbox (badness 1590) in paragraph at lines 115--115
\OT1/cmr/m/n/10.95 er-a-tion staff must
 []


Underfull \hbox (badness 10000) in paragraph at lines 115--115
[]|\OT1/cmr/m/n/10.95 Recording com-
 []


Underfull \hbox (badness 5862) in paragraph at lines 115--115
\OT1/cmr/m/n/10.95 plete & up-load
 []


Underfull \hbox (badness 10000) in paragraph at lines 115--115
\OT1/cmr/m/n/10.95 that video on
 []


Underfull \hbox (badness 10000) in paragraph at lines 115--115
[]|\OT1/cmr/m/n/10.95 Recording com-
 []


Underfull \hbox (badness 5862) in paragraph at lines 115--115
\OT1/cmr/m/n/10.95 plete & up-load
 []


Underfull \hbox (badness 10000) in paragraph at lines 115--115
\OT1/cmr/m/n/10.95 that video on
 []


Overfull \hbox (10.76112pt too wide) in alignment at lines 97--117
 [] [] [] [] [] [] [] 
 []

[48

]
Underfull \hbox (badness 10000) in paragraph at lines 120--120
[]|\OT1/cmr/m/n/10.95 Bookmark
 []


Underfull \hbox (badness 2096) in paragraph at lines 120--120
\OT1/cmr/m/n/10.95 er-a-tion user must
 []


Underfull \hbox (badness 1052) in paragraph at lines 120--120
\OT1/cmr/m/n/10.95 be click on pause
 []


Underfull \hbox (badness 10000) in paragraph at lines 124--124
[]|\OT1/cmr/m/n/10.95 It will delete
 []


Underfull \hbox (badness 10000) in paragraph at lines 124--124
\OT1/cmr/m/n/10.95 video from
 []


Underfull \hbox (badness 10000) in paragraph at lines 124--124
[]|\OT1/cmr/m/n/10.95 It will delete
 []


Underfull \hbox (badness 10000) in paragraph at lines 124--124
\OT1/cmr/m/n/10.95 video from
 []


Underfull \hbox (badness 10000) in paragraph at lines 127--127
[]|\OT1/cmr/m/n/10.95 4.Enter video name in VideoN-ame
 []


Underfull \hbox (badness 10000) in paragraph at lines 129--129
[]|\OT1/cmr/m/n/10.95 Delete Ac-
 []


Underfull \hbox (badness 10000) in paragraph at lines 129--129
[]|\OT1/cmr/m/n/10.95 It will delete
 []


Underfull \hbox (badness 10000) in paragraph at lines 129--129
\OT1/cmr/m/n/10.95 ac-count from
 []


Underfull \hbox (badness 10000) in paragraph at lines 129--129
[]|\OT1/cmr/m/n/10.95 It will delete
 []


Underfull \hbox (badness 10000) in paragraph at lines 129--129
\OT1/cmr/m/n/10.95 ac-count from
 []


Overfull \hbox (10.76112pt too wide) in alignment at lines 117--133
 [] [] [] [] [] [] [] 
 []

[49] [50] [51] [52] [53])
("E:\1.1\DIGI RESTAURATEUR PROJECT REPORT  IN LATEX\Chapters\Chapter9.tex"
Chapter 8.
------------------------------------------------------------------------------
 8 CONCLUSION
------------------------------------------------------------------------------
Missing character: There is no ‚ in font cmr10!
Missing character: There is no Ä in font cmr10!
Missing character: There is no ô in font cmr10!
Missing character: There is no ‚ in font cmr10!
Missing character: There is no Ä in font cmr10!
Missing character: There is no ô in font cmr10!
Missing character: There is no Ô in font cmr10!
Missing character: There is no ø in font cmr10!
Missing character: There is no Ω in font cmr10!
Missing character: There is no Ô in font cmr10!
Missing character: There is no ø in font cmr10!
Missing character: There is no Ω in font cmr10!
Missing character: There is no Ô in font cmr10!
Missing character: There is no ø in font cmr10!
Missing character: There is no Ω in font cmr10!
Missing character: There is no Ô in font cmr10!
Missing character: There is no ø in font cmr10!
Missing character: There is no Ω in font cmr10!
) ("E:\1.1\DIGI RESTAURATEUR PROJECT REPORT  IN LATEX\Appendices\AppendixA.tex"
[54


]
Appendix A.
------------------------------------------------------------------------------
 A Appendix Title Here
------------------------------------------------------------------------------
) [55

]
------------------------------------------------------------------------------
 Bibliography
------------------------------------------------------------------------------
("E:\1.1\DIGI RESTAURATEUR PROJECT REPORT  IN LATEX\Thesis.bbl")
Package atveryend Info: Empty hook `BeforeClearDocument' on input line 172.
 [56


]
Package atveryend Info: Empty hook `AfterLastShipout' on input line 172.

("E:\1.1\DIGI RESTAURATEUR PROJECT REPORT  IN LATEX\Thesis.aux")
Package atveryend Info: Executing hook `AtVeryEndDocument' on input line 172.
Package atveryend Info: Executing hook `AtEndAfterFileList' on input line 172.
Package rerunfilecheck Info: File `Thesis.out' has not changed.
(rerunfilecheck)             Checksum: 11C455818017D11F8B8636D6DD856F57;13049.
Package atveryend Info: Empty hook `AtVeryVeryEnd' on input line 172.
 ) 
Here is how much of TeX's memory you used:
 11184 strings out of 494053
 160623 string characters out of 3148603
 293155 words of memory out of 3000000
 14042 multiletter control sequences out of 15000+200000
 12311 words of font info for 45 fonts, out of 3000000 for 9000
 715 hyphenation exceptions out of 8191
 49i,12n,47p,1260b,578s stack positions out of 5000i,500n,10000p,200000b,50000s
<C:/Program Files/MiKTeX 2.9/fonts/type1/public/amsfonts/cm/cmbx10.pfb><C:/Pr
ogram Files/MiKTeX 2.9/fonts/type1/public/amsfonts/cm/cmbx12.pfb><C:/Program Fi
les/MiKTeX 2.9/fonts/type1/public/amsfonts/cm/cmcsc10.pfb><C:/Program Files/MiK
TeX 2.9/fonts/type1/public/amsfonts/cm/cmr10.pfb><C:/Program Files/MiKTeX 2.9/f
onts/type1/public/amsfonts/cm/cmr12.pfb><C:/Program Files/MiKTeX 2.9/fonts/type
1/public/amsfonts/cm/cmr17.pfb><C:/Program Files/MiKTeX 2.9/fonts/type1/public/
amsfonts/cm/cmsy10.pfb><C:/Program Files/MiKTeX 2.9/fonts/type1/public/amsfonts
/cm/cmti10.pfb><C:/Program Files/MiKTeX 2.9/fonts/type1/public/amsfonts/cm/cmti
12.pfb>
Output written on Thesis.pdf (62 pages, 1464073 bytes).
PDF statistics:
 959 PDF objects out of 1000 (max. 8388607)
 195 named destinations out of 1000 (max. 500000)
 610 words of extra memory for PDF output out of 10000 (max. 10000000)

