\BOOKMARK [0][-]{dummy.1}{\376\377\000A\000b\000s\000t\000r\000a\000c\000t}{}% 1
\BOOKMARK [0][-]{dummy.2}{\376\377\000A\000c\000k\000n\000o\000w\000l\000e\000d\000g\000e\000m\000e\000n\000t\000s}{}% 2
\BOOKMARK [0][-]{dummy.4}{\376\377\000L\000i\000s\000t\000\040\000o\000f\000\040\000F\000i\000g\000u\000r\000e\000s}{}% 3
\BOOKMARK [0][-]{chapter.6}{\376\377\0001\000\040\000I\000N\000T\000R\000O\000D\000U\000C\000T\000I\000O\000N}{}% 4
\BOOKMARK [1][-]{section.7}{\376\377\0001\000.\0001\000\040\000I\000n\000t\000r\000o\000d\000u\000c\000t\000i\000o\000n\000\040\000o\000f\000\040\000p\000r\000o\000j\000e\000c\000t}{chapter.6}% 5
\BOOKMARK [0][-]{chapter.8}{\376\377\0002\000\040\000L\000I\000T\000E\000R\000A\000T\000U\000R\000E\000\040\000R\000E\000V\000I\000E\000W}{}% 6
\BOOKMARK [1][-]{section.9}{\376\377\0002\000.\0001\000\040\000O\000v\000e\000r\000v\000i\000e\000w\000\040\000o\000f\000\040\000t\000h\000e\000\040\000H\000.\0002\0006\0004\000\040\000/\000A\000V\000C\000\040\000V\000i\000d\000e\000o\000\040\000C\000o\000d\000i\000n\000g\000\040\000S\000t\000a\000n\000d\000a\000r\000d\000\040\000i\000n\000\040\000I\000E\000E\000E\000\040\000T\000r\000a\000n\000s\000a\000c\000t\000i\000o\000n\000s\000\040\000o\000n\000\040\000C\000i\000r\000c\000u\000i\000t\000s\000\040\000a\000n\000d\000\040\000S\000y\000s\000t\000e\000m\000s\000\040\000f\000o\000r\000\040\000V\000i\000d\000e\000o\000\040\000T\000e\000c\000h\000n\000o\000l\000o\000g\000y}{chapter.8}% 7
\BOOKMARK [2][-]{subsection.10}{\376\377\0002\000.\0001\000.\0001\000\040\000T\000h\000e\000\040\000A\000r\000c\000h\000i\000t\000e\000c\000t\000u\000r\000e\000\040\000D\000e\000s\000i\000g\000n\000\040\000o\000f\000\040\000S\000t\000r\000e\000a\000m\000i\000n\000g\000\040\000M\000e\000d\000i\000a\000\040\000A\000p\000p\000l\000i\000c\000a\000t\000i\000o\000n\000s\000\040\000f\000o\000r\000\040\000A\000n\000d\000r\000o\000i\000d\000\040\000O\000S}{section.9}% 8
\BOOKMARK [2][-]{subsection.11}{\376\377\0002\000.\0001\000.\0002\000\040\000X\000M\000L\000\040\000D\000o\000c\000u\000m\000e\000n\000t\000\040\000P\000a\000r\000s\000i\000n\000g\000:\000\040\000O\000p\000e\000r\000a\000t\000i\000o\000n\000a\000l\000\040\000a\000n\000d\000\040\000P\000e\000r\000f\000o\000r\000m\000a\000n\000c\000e\000\040\000C\000h\000a\000r\000a\000c\000t\000e\000r\000i\000s\000t\000i\000c\000s}{section.9}% 9
\BOOKMARK [2][-]{subsection.12}{\376\377\0002\000.\0001\000.\0003\000\040\000A\000n\000d\000r\000o\000i\000d\000\040\000X\000M\000L\000\040\000P\000r\000o\000c\000e\000s\000s\000i\000n\000g\000\040\000w\000i\000t\000h\000\040\000t\000h\000e\000\040\000X\000m\000l\000\040\000P\000u\000l\000l\000\040\000P\000a\000r\000s\000e\000r\000\040\000V\000e\000r\000s\000i\000o\000n\000\040\0001\000.\0003}{section.9}% 10
\BOOKMARK [0][-]{chapter.13}{\376\377\0003\000\040\000O\000B\000J\000E\000C\000T\000I\000V\000E\000\040\000A\000N\000D\000\040\000S\000C\000O\000P\000E}{}% 11
\BOOKMARK [1][-]{section.14}{\376\377\0003\000.\0001\000\040\000O\000b\000j\000e\000c\000t\000i\000v\000e\000s}{chapter.13}% 12
\BOOKMARK [2][-]{subsection.15}{\376\377\0003\000.\0001\000.\0001\000\040\000P\000r\000o\000v\000i\000d\000i\000n\000g\000\040\000a\000c\000c\000e\000s\000s\000\040\000t\000o\000\040\000d\000i\000f\000f\000e\000r\000e\000n\000t\000\040\000v\000i\000d\000e\000o\000\040\000l\000e\000c\000t\000u\000r\000e\000\040\000t\000h\000a\000t\000\040\000i\000s\000\040\000s\000t\000o\000r\000e\000d\000\040\000a\000t\000\040\000s\000e\000r\000v\000e\000r\000\040\000w\000i\000t\000h\000o\000u\000t\000\040\000d\000o\000w\000n\000l\000o\000a\000d\000i\000n\000g\000\040\000o\000n\000t\000o\000\040\000d\000e\000v\000i\000c\000e\000.}{section.14}% 13
\BOOKMARK [2][-]{subsection.16}{\376\377\0003\000.\0001\000.\0002\000\040\000P\000r\000o\000j\000e\000c\000t\000\040\000p\000r\000o\000v\000i\000d\000e\000s\000\040\000f\000a\000c\000i\000l\000i\000t\000y\000\040\000o\000f\000\040\000b\000o\000o\000k\000m\000a\000r\000k\000i\000n\000g\000.}{section.14}% 14
\BOOKMARK [2][-]{subsection.17}{\376\377\0003\000.\0001\000.\0003\000\040\000A\000d\000m\000i\000n\000\040\000c\000a\000n\000\040\000d\000e\000l\000e\000t\000e\000\040\000t\000h\000e\000\040\000v\000i\000d\000e\000o\000\040\000l\000e\000c\000t\000u\000r\000e\000s\000\040\000a\000n\000d\000\040\000a\000l\000s\000o\000\040\000u\000s\000e\000r\000\040\000a\000c\000c\000o\000u\000n\000t\000s\000.}{section.14}% 15
\BOOKMARK [2][-]{subsection.18}{\376\377\0003\000.\0001\000.\0004\000\040\000P\000r\000o\000v\000i\000d\000i\000n\000g\000\040\000o\000n\000e\000\040\000o\000p\000t\000i\000o\000n\000\040\000t\000o\000\040\000s\000t\000o\000r\000e\000\040\000t\000h\000e\000\040\000i\000m\000p\000o\000r\000t\000a\000n\000t\000\040\000l\000e\000c\000t\000u\000r\000e\000s\000\040\000i\000n\000\040\000t\000h\000e\000\040\000S\000D\000\040\000c\000a\000r\000d\000\040\000i\000n\000\040\000c\000a\000s\000e\000\040\000t\000h\000e\000r\000e\000\040\000i\000s\000\040\000l\000o\000s\000s\000\040\000o\000f\000\040\000W\000i\000-\000F\000i\000\040\000c\000o\000n\000n\000e\000c\000t\000i\000v\000i\000t\000y\000.}{section.14}% 16
\BOOKMARK [1][-]{section.19}{\376\377\0003\000.\0002\000\040\000S\000c\000o\000p\000e}{chapter.13}% 17
\BOOKMARK [1][-]{section.20}{\376\377\0003\000.\0003\000\040\000O\000u\000t\000\040\000o\000f\000\040\000S\000c\000o\000p\000e}{chapter.13}% 18
\BOOKMARK [0][-]{chapter.21}{\376\377\0004\000\040\000R\000E\000Q\000U\000I\000R\000E\000M\000E\000N\000T\000\040\000A\000N\000A\000L\000Y\000S\000I\000S}{}% 19
\BOOKMARK [1][-]{section.22}{\376\377\0004\000.\0001\000\040\000S\000o\000f\000t\000w\000a\000r\000e\000\040\000R\000e\000q\000u\000i\000r\000e\000m\000e\000n\000t\000s}{chapter.21}% 20
\BOOKMARK [1][-]{section.23}{\376\377\0004\000.\0002\000\040\000H\000a\000r\000d\000w\000a\000r\000e\000\040\000R\000e\000q\000u\000i\000r\000e\000m\000e\000n\000t\000s}{chapter.21}% 21
\BOOKMARK [0][-]{chapter.33}{\376\377\0005\000\040\000S\000Y\000S\000T\000E\000M\000\040\000D\000E\000S\000I\000G\000N}{}% 22
\BOOKMARK [1][-]{section.34}{\376\377\0005\000.\0001\000\040\000U\000s\000e\000\040\000C\000a\000s\000e\000\040\000D\000i\000a\000g\000r\000a\000m}{chapter.33}% 23
\BOOKMARK [2][-]{subsection.35}{\376\377\0005\000.\0001\000.\0001\000\040\000\040\000U\000s\000e\000-\000C\000a\000s\000e\000\040\000D\000i\000a\000g\000r\000a\000m}{section.34}% 24
\BOOKMARK [2][-]{subsection.37}{\376\377\0005\000.\0001\000.\0002\000\040\000\040\000U\000s\000e\000-\000C\000a\000s\000e\000\040\000S\000c\000e\000n\000a\000r\000i\000o}{section.34}% 25
\BOOKMARK [1][-]{section.39}{\376\377\0005\000.\0002\000\040\000S\000e\000q\000u\000e\000n\000c\000e\000\040\000D\000i\000a\000g\000r\000a\000m}{chapter.33}% 26
\BOOKMARK [2][-]{subsection.40}{\376\377\0005\000.\0002\000.\0001\000\040\000S\000e\000q\000u\000e\000n\000c\000e\000\040\000D\000i\000a\000g\000r\000a\000m\000s\000\040\000f\000o\000r\000\040\000L\000o\000g\000i\000n\000\040\000U\000s\000e\000r\000:}{section.39}% 27
\BOOKMARK [2][-]{subsection.42}{\376\377\0005\000.\0002\000.\0002\000\040\000S\000e\000q\000u\000e\000n\000c\000e\000\040\000D\000i\000a\000g\000r\000a\000m\000s\000\040\000f\000o\000r\000\040\000R\000e\000c\000o\000v\000e\000r\000\040\000P\000a\000s\000s\000w\000o\000r\000d\000:}{section.39}% 28
\BOOKMARK [2][-]{subsection.44}{\376\377\0005\000.\0002\000.\0003\000\040\000S\000e\000q\000u\000e\000n\000c\000e\000\040\000D\000i\000a\000g\000r\000a\000m\000s\000\040\000f\000o\000r\000\040\000R\000e\000g\000i\000s\000t\000e\000r\000\040\000A\000d\000m\000i\000n\000:}{section.39}% 29
\BOOKMARK [2][-]{subsection.46}{\376\377\0005\000.\0002\000.\0004\000\040\000S\000e\000q\000u\000e\000n\000c\000e\000\040\000D\000i\000a\000g\000r\000a\000m\000s\000\040\000f\000o\000r\000\040\000R\000e\000g\000i\000s\000t\000e\000r\000\040\000S\000t\000a\000f\000f\000:}{section.39}% 30
\BOOKMARK [2][-]{subsection.48}{\376\377\0005\000.\0002\000.\0005\000\040\000S\000e\000q\000u\000e\000n\000c\000e\000\040\000D\000i\000a\000g\000r\000a\000m\000s\000\040\000f\000o\000r\000\040\000R\000e\000g\000i\000s\000t\000e\000r\000\040\000S\000t\000u\000d\000e\000n\000t\000:}{section.39}% 31
\BOOKMARK [2][-]{subsection.50}{\376\377\0005\000.\0002\000.\0006\000\040\000S\000e\000q\000u\000e\000n\000c\000e\000\040\000D\000i\000a\000g\000r\000a\000m\000s\000\040\000f\000o\000r\000\040\000V\000i\000e\000w\000\040\000V\000i\000d\000e\000o\000:}{section.39}% 32
\BOOKMARK [2][-]{subsection.52}{\376\377\0005\000.\0002\000.\0007\000\040\000S\000e\000q\000u\000e\000n\000c\000e\000\040\000D\000i\000a\000g\000r\000a\000m\000s\000\040\000f\000o\000r\000\040\000B\000o\000o\000k\000m\000a\000r\000k\000\040\000V\000i\000d\000e\000o\000:}{section.39}% 33
\BOOKMARK [2][-]{subsection.54}{\376\377\0005\000.\0002\000.\0008\000\040\000S\000e\000q\000u\000e\000n\000c\000e\000\040\000D\000i\000a\000g\000r\000a\000m\000s\000\040\000f\000o\000r\000\040\000U\000p\000l\000o\000a\000d\000\040\000V\000i\000d\000e\000o\000:}{section.39}% 34
\BOOKMARK [2][-]{subsection.56}{\376\377\0005\000.\0002\000.\0009\000\040\000S\000e\000q\000u\000e\000n\000c\000e\000\040\000D\000i\000a\000g\000r\000a\000m\000s\000\040\000f\000o\000r\000\040\000R\000e\000c\000o\000r\000d\000\040\000V\000i\000d\000e\000o\000:}{section.39}% 35
\BOOKMARK [2][-]{subsection.58}{\376\377\0005\000.\0002\000.\0001\0000\000\040\000S\000e\000q\000u\000e\000n\000c\000e\000\040\000D\000i\000a\000g\000r\000a\000m\000s\000\040\000f\000o\000r\000\040\000D\000e\000l\000e\000t\000e\000\040\000V\000i\000d\000e\000o\000:}{section.39}% 36
\BOOKMARK [1][-]{section.60}{\376\377\0005\000.\0003\000\040\000C\000l\000a\000s\000s\000\040\000D\000i\000a\000g\000r\000a\000m}{chapter.33}% 37
\BOOKMARK [2][-]{subsection.64}{\376\377\0005\000.\0003\000.\0001\000\040\000C\000l\000a\000s\000s\000\040\000D\000i\000a\000g\000r\000a\000m\000:}{section.60}% 38
\BOOKMARK [1][-]{section.66}{\376\377\0005\000.\0004\000\040\000D\000e\000p\000l\000o\000y\000m\000e\000n\000t\000\040\000D\000i\000a\000g\000r\000a\000m\000:}{chapter.33}% 39
\BOOKMARK [2][-]{subsection.69}{\376\377\0005\000.\0004\000.\0001\000\040\000D\000e\000p\000l\000o\000y\000m\000e\000n\000t\000\040\000D\000i\000a\000g\000r\000a\000m\000:}{section.66}% 40
\BOOKMARK [0][-]{chapter.71}{\376\377\0006\000\040\000C\000o\000a\000d\000i\000n\000g}{}% 41
\BOOKMARK [1][-]{section.72}{\376\377\0006\000.\0001\000\040\000I\000n\000t\000r\000o\000d\000u\000c\000t\000i\000o\000n\000\040\000o\000f\000\040\000t\000o\000o\000l\000s\000\040\000a\000n\000d\000\040\000I\000n\000s\000t\000a\000l\000l\000a\000t\000i\000o\000n}{chapter.71}% 42
\BOOKMARK [2][-]{subsection.73}{\376\377\0006\000.\0001\000.\0001\000\040\000A\000n\000d\000r\000o\000i\000d}{section.72}% 43
\BOOKMARK [2][-]{subsection.86}{\376\377\0006\000.\0001\000.\0002\000\040\000X\000A\000M\000P\000P\000\040\000I\000n\000s\000t\000a\000l\000l\000a\000t\000i\000o\000n\000\040\000S\000t\000e\000p\000s}{section.72}% 44
\BOOKMARK [2][-]{subsection.98}{\376\377\0006\000.\0001\000.\0003\000\040\000P\000H\000P}{section.72}% 45
\BOOKMARK [2][-]{subsection.99}{\376\377\0006\000.\0001\000.\0004\000\040\000M\000y\000S\000Q\000L}{section.72}% 46
\BOOKMARK [1][-]{section.100}{\376\377\0006\000.\0002\000\040\000S\000n\000i\000p\000p\000e\000t\000s}{chapter.71}% 47
\BOOKMARK [0][-]{chapter.116}{\376\377\0007\000\040\000T\000E\000S\000T\000I\000N\000G}{}% 48
\BOOKMARK [1][-]{section.117}{\376\377\0007\000.\0001\000\040\000W\000h\000a\000t\000\040\000i\000s\000\040\000S\000o\000f\000t\000w\000a\000r\000e\000\040\000T\000e\000s\000t\000i\000n\000g}{chapter.116}% 49
\BOOKMARK [1][-]{section.118}{\376\377\0007\000.\0002\000\040\000T\000e\000s\000t\000\040\000m\000e\000t\000h\000o\000d\000s}{chapter.116}% 50
\BOOKMARK [2][-]{subsection.119}{\376\377\0007\000.\0002\000.\0001\000\040\000B\000l\000a\000c\000k\000\040\000b\000o\000x\000\040\000t\000e\000s\000t\000i\000n\000g\000\040}{section.118}% 51
\BOOKMARK [2][-]{subsection.120}{\376\377\0007\000.\0002\000.\0002\000\040\000W\000h\000i\000t\000e\000\040\000B\000o\000x\000\040\000T\000e\000s\000t\000i\000n\000g}{section.118}% 52
\BOOKMARK [1][-]{section.121}{\376\377\0007\000.\0003\000\040\000T\000e\000s\000t\000\040\000c\000a\000s\000e\000s\000\040\000a\000n\000d\000\040\000t\000e\000s\000t\000\040\000d\000a\000t\000a}{chapter.116}% 53
\BOOKMARK [2][-]{subsection.122}{\376\377\0007\000.\0003\000.\0001\000\040\000T\000e\000s\000t\000\040\000C\000a\000s\000e\000s}{section.121}% 54
\BOOKMARK [0][-]{chapter.124}{\376\377\0008\000\040\000C\000O\000N\000C\000L\000U\000S\000I\000O\000N}{}% 55
\BOOKMARK [1][-]{section.125}{\376\377\0008\000.\0001\000\040\000C\000o\000n\000c\000l\000u\000s\000i\000o\000n}{chapter.124}% 56
\BOOKMARK [0][-]{appendix.126}{\376\377\000A\000\040\000A\000p\000p\000e\000n\000d\000i\000x\000\040\000T\000i\000t\000l\000e\000\040\000H\000e\000r\000e}{}% 57
\BOOKMARK [0][-]{dummy.127}{\376\377\000B\000i\000b\000l\000i\000o\000g\000r\000a\000p\000h\000y}{}% 58
